G:\大学学习\课程作业\大二\数据与算法\FIBONACCI SEQUENCE\FIBONACCI SEQUENCE\DEBUG\MAIN.OBJ
G:\大学学习\课程作业\大二\数据与算法\FIBONACCI SEQUENCE\FIBONACCI SEQUENCE\DEBUG\VC110.PDB
G:\大学学习\课程作业\大二\数据与算法\FIBONACCI SEQUENCE\DEBUG\FIBONACCI SEQUENCE.ILK
G:\大学学习\课程作业\大二\数据与算法\FIBONACCI SEQUENCE\DEBUG\FIBONACCI SEQUENCE.EXE
G:\大学学习\课程作业\大二\数据与算法\FIBONACCI SEQUENCE\DEBUG\FIBONACCI SEQUENCE.PDB
G:\大学学习\课程作业\大二\数据与算法\Fibonacci Sequence\Fibonacci Sequence\Debug\main.obj
G:\大学学习\课程作业\大二\数据与算法\Fibonacci Sequence\Fibonacci Sequence\Debug\cl.command.1.tlog
G:\大学学习\课程作业\大二\数据与算法\Fibonacci Sequence\Fibonacci Sequence\Debug\CL.read.1.tlog
G:\大学学习\课程作业\大二\数据与算法\Fibonacci Sequence\Fibonacci Sequence\Debug\CL.write.1.tlog
G:\大学学习\课程作业\大二\数据与算法\Fibonacci Sequence\Fibonacci Sequence\Debug\link-cvtres.read.1.tlog
G:\大学学习\课程作业\大二\数据与算法\Fibonacci Sequence\Fibonacci Sequence\Debug\link-cvtres.write.1.tlog
G:\大学学习\课程作业\大二\数据与算法\Fibonacci Sequence\Fibonacci Sequence\Debug\link-rc.read.1.tlog
G:\大学学习\课程作业\大二\数据与算法\Fibonacci Sequence\Fibonacci Sequence\Debug\link-rc.write.1.tlog
G:\大学学习\课程作业\大二\数据与算法\Fibonacci Sequence\Fibonacci Sequence\Debug\link.command.1.tlog
G:\大学学习\课程作业\大二\数据与算法\Fibonacci Sequence\Fibonacci Sequence\Debug\link.read.1.tlog
G:\大学学习\课程作业\大二\数据与算法\Fibonacci Sequence\Fibonacci Sequence\Debug\link.write.1.tlog
G:\大学学习\课程作业\大二\数据与算法\Fibonacci Sequence\Fibonacci Sequence\Debug\vc110.idb
G:\大学学习\课程作业\大二\数据与算法\Fibonacci Sequence\Fibonacci Sequence\Debug\vc110.pdb
G:\大学学习\课程作业\大二\数据与算法\Fibonacci Sequence\Debug\Fibonacci Sequence.pdb
G:\大学学习\课程作业\大二\数据与算法\Fibonacci Sequence\Debug\Fibonacci Sequence.exe
G:\大学学习\课程作业\大二\数据与算法\Fibonacci Sequence\Debug\Fibonacci Sequence.ilk
