G:\大学学习\课程作业\大二\数据与算法\HOMEWORK-1\HOMEWORK-1\DEBUG\MAIN.OBJ
G:\大学学习\课程作业\大二\数据与算法\HOMEWORK-1\HOMEWORK-1\DEBUG\VC110.PDB
G:\大学学习\课程作业\大二\数据与算法\HOMEWORK-1\DEBUG\HOMEWORK-1.ILK
G:\大学学习\课程作业\大二\数据与算法\HOMEWORK-1\DEBUG\HOMEWORK-1.EXE
G:\大学学习\课程作业\大二\数据与算法\HOMEWORK-1\DEBUG\HOMEWORK-1.PDB
G:\大学学习\课程作业\大二\数据与算法\homework-1\homework-1\Debug\main.obj
G:\大学学习\课程作业\大二\数据与算法\homework-1\homework-1\Debug\cl.command.1.tlog
G:\大学学习\课程作业\大二\数据与算法\homework-1\homework-1\Debug\CL.read.1.tlog
G:\大学学习\课程作业\大二\数据与算法\homework-1\homework-1\Debug\CL.write.1.tlog
G:\大学学习\课程作业\大二\数据与算法\homework-1\homework-1\Debug\link-cvtres.read.1.tlog
G:\大学学习\课程作业\大二\数据与算法\homework-1\homework-1\Debug\link-cvtres.write.1.tlog
G:\大学学习\课程作业\大二\数据与算法\homework-1\homework-1\Debug\link-rc.read.1.tlog
G:\大学学习\课程作业\大二\数据与算法\homework-1\homework-1\Debug\link-rc.write.1.tlog
G:\大学学习\课程作业\大二\数据与算法\homework-1\homework-1\Debug\link.command.1.tlog
G:\大学学习\课程作业\大二\数据与算法\homework-1\homework-1\Debug\link.read.1.tlog
G:\大学学习\课程作业\大二\数据与算法\homework-1\homework-1\Debug\link.write.1.tlog
G:\大学学习\课程作业\大二\数据与算法\homework-1\homework-1\Debug\vc110.idb
G:\大学学习\课程作业\大二\数据与算法\homework-1\homework-1\Debug\vc110.pdb
G:\大学学习\课程作业\大二\数据与算法\homework-1\Debug\homework-1.pdb
G:\大学学习\课程作业\大二\数据与算法\homework-1\Debug\homework-1.exe
G:\大学学习\课程作业\大二\数据与算法\homework-1\Debug\homework-1.ilk
