G:\STUDY FILES IN UNIVERSITY\COURSE HOMEWORK\2ND GRADE\DATA AND ALGORITHMS\HOMEWORK-2\HOMEWORK-2\HOMEWORK-2\DEBUG\MAIN.OBJ
G:\STUDY FILES IN UNIVERSITY\COURSE HOMEWORK\2ND GRADE\DATA AND ALGORITHMS\HOMEWORK-2\HOMEWORK-2\HOMEWORK-2\DEBUG\VC110.PDB
G:\STUDY FILES IN UNIVERSITY\COURSE HOMEWORK\2ND GRADE\DATA AND ALGORITHMS\HOMEWORK-2\HOMEWORK-2\DEBUG\HOMEWORK-2.ILK
G:\STUDY FILES IN UNIVERSITY\COURSE HOMEWORK\2ND GRADE\DATA AND ALGORITHMS\HOMEWORK-2\HOMEWORK-2\DEBUG\HOMEWORK-2.EXE
G:\STUDY FILES IN UNIVERSITY\COURSE HOMEWORK\2ND GRADE\DATA AND ALGORITHMS\HOMEWORK-2\HOMEWORK-2\DEBUG\HOMEWORK-2.PDB
G:\Study Files in University\Course Homework\2nd Grade\Data and Algorithms\homework-2\homework-2\homework-2\Debug\main.obj
G:\Study Files in University\Course Homework\2nd Grade\Data and Algorithms\homework-2\homework-2\homework-2\Debug\cl.command.1.tlog
G:\Study Files in University\Course Homework\2nd Grade\Data and Algorithms\homework-2\homework-2\homework-2\Debug\CL.read.1.tlog
G:\Study Files in University\Course Homework\2nd Grade\Data and Algorithms\homework-2\homework-2\homework-2\Debug\CL.write.1.tlog
G:\Study Files in University\Course Homework\2nd Grade\Data and Algorithms\homework-2\homework-2\homework-2\Debug\link-cvtres.read.1.tlog
G:\Study Files in University\Course Homework\2nd Grade\Data and Algorithms\homework-2\homework-2\homework-2\Debug\link-cvtres.write.1.tlog
G:\Study Files in University\Course Homework\2nd Grade\Data and Algorithms\homework-2\homework-2\homework-2\Debug\link-rc.read.1.tlog
G:\Study Files in University\Course Homework\2nd Grade\Data and Algorithms\homework-2\homework-2\homework-2\Debug\link-rc.write.1.tlog
G:\Study Files in University\Course Homework\2nd Grade\Data and Algorithms\homework-2\homework-2\homework-2\Debug\link.command.1.tlog
G:\Study Files in University\Course Homework\2nd Grade\Data and Algorithms\homework-2\homework-2\homework-2\Debug\link.read.1.tlog
G:\Study Files in University\Course Homework\2nd Grade\Data and Algorithms\homework-2\homework-2\homework-2\Debug\link.write.1.tlog
G:\Study Files in University\Course Homework\2nd Grade\Data and Algorithms\homework-2\homework-2\homework-2\Debug\vc110.idb
G:\Study Files in University\Course Homework\2nd Grade\Data and Algorithms\homework-2\homework-2\homework-2\Debug\vc110.pdb
G:\Study Files in University\Course Homework\2nd Grade\Data and Algorithms\homework-2\homework-2\Debug\homework-2.pdb
G:\Study Files in University\Course Homework\2nd Grade\Data and Algorithms\homework-2\homework-2\Debug\homework-2.exe
G:\Study Files in University\Course Homework\2nd Grade\Data and Algorithms\homework-2\homework-2\Debug\homework-2.ilk
