G:\大学学习\课程作业\大二\数据与算法\HOMEWORK-1\叉积法\叉积法\DEBUG\MAIN.OBJ
G:\大学学习\课程作业\大二\数据与算法\HOMEWORK-1\叉积法\叉积法\DEBUG\VC110.PDB
G:\大学学习\课程作业\大二\数据与算法\HOMEWORK-1\叉积法\DEBUG\叉积法.ILK
G:\大学学习\课程作业\大二\数据与算法\HOMEWORK-1\叉积法\DEBUG\叉积法.EXE
G:\大学学习\课程作业\大二\数据与算法\HOMEWORK-1\叉积法\DEBUG\叉积法.PDB
G:\大学学习\课程作业\大二\数据与算法\homework-1\叉积法\叉积法\Debug\main.obj
G:\大学学习\课程作业\大二\数据与算法\homework-1\叉积法\叉积法\Debug\cl.command.1.tlog
G:\大学学习\课程作业\大二\数据与算法\homework-1\叉积法\叉积法\Debug\CL.read.1.tlog
G:\大学学习\课程作业\大二\数据与算法\homework-1\叉积法\叉积法\Debug\CL.write.1.tlog
G:\大学学习\课程作业\大二\数据与算法\homework-1\叉积法\叉积法\Debug\link-cvtres.read.1.tlog
G:\大学学习\课程作业\大二\数据与算法\homework-1\叉积法\叉积法\Debug\link-cvtres.write.1.tlog
G:\大学学习\课程作业\大二\数据与算法\homework-1\叉积法\叉积法\Debug\link-rc.read.1.tlog
G:\大学学习\课程作业\大二\数据与算法\homework-1\叉积法\叉积法\Debug\link-rc.write.1.tlog
G:\大学学习\课程作业\大二\数据与算法\homework-1\叉积法\叉积法\Debug\link.command.1.tlog
G:\大学学习\课程作业\大二\数据与算法\homework-1\叉积法\叉积法\Debug\link.read.1.tlog
G:\大学学习\课程作业\大二\数据与算法\homework-1\叉积法\叉积法\Debug\link.write.1.tlog
G:\大学学习\课程作业\大二\数据与算法\homework-1\叉积法\叉积法\Debug\vc110.idb
G:\大学学习\课程作业\大二\数据与算法\homework-1\叉积法\叉积法\Debug\vc110.pdb
G:\大学学习\课程作业\大二\数据与算法\homework-1\叉积法\Debug\叉积法.pdb
G:\大学学习\课程作业\大二\数据与算法\homework-1\叉积法\Debug\叉积法.exe
G:\大学学习\课程作业\大二\数据与算法\homework-1\叉积法\Debug\叉积法.ilk
